<?xml version="1.0" encoding="UTF-8"?>
<!-- Generated by org.testng.reporters.JUnitReportReporter -->
<testsuite skipped="0" hostname="DESKTOP-2A7S6QF" name="com.example2.tests.FirstSeleniumJUnitTest" tests="1" failures="0" timestamp="30 Oct 2020 17:14:00 GMT" time="1.549" errors="0">
  <testcase name="test_google_dot_com" time="1.549" classname="com.example2.tests.FirstSeleniumJUnitTest"/>
</testsuite> <!-- com.example2.tests.FirstSeleniumJUnitTest -->
