<?xml version="1.0" encoding="UTF-8"?>
<!-- Generated by org.testng.reporters.JUnitReportReporter -->
<testsuite skipped="0" hostname="DESKTOP-2A7S6QF" name="com.example.tests.GoogleSearchForIn28minutes" tests="1" failures="0" timestamp="30 Oct 2020 15:03:22 GMT" time="3.971" errors="0">
  <testcase name="testGoogleSearchForIn28minutes" time="3.971" classname="com.example.tests.GoogleSearchForIn28minutes"/>
</testsuite> <!-- com.example.tests.GoogleSearchForIn28minutes -->
