<?xml version="1.0" encoding="UTF-8"?>
<!-- Generated by org.testng.reporters.JUnitReportReporter -->
<testsuite skipped="0" hostname="DESKTOP-2A7S6QF" name="com.example2.tests.MultipleBrowserTest" tests="3" failures="0" timestamp="30 Oct 2020 17:49:55 GMT" time="0.013" errors="0">
  <testcase name="run_in_multiple_browsers" time="0.001" classname="com.example2.tests.MultipleBrowserTest"/>
  <testcase name="run_in_multiple_browsers" time="0.009" classname="com.example2.tests.MultipleBrowserTest"/>
  <testcase name="run_in_multiple_browsers" time="0.003" classname="com.example2.tests.MultipleBrowserTest"/>
</testsuite> <!-- com.example2.tests.MultipleBrowserTest -->
