<?xml version="1.0" encoding="UTF-8"?>
<!-- Generated by org.testng.reporters.JUnitReportReporter -->
<testsuite skipped="0" hostname="DESKTOP-2A7S6QF" name="com.example.tests.FacebookLogin" tests="1" failures="0" timestamp="30 Oct 2020 15:16:23 GMT" time="2.064" errors="0">
  <testcase name="testFacebookLogin" time="2.064" classname="com.example.tests.FacebookLogin"/>
</testsuite> <!-- com.example.tests.FacebookLogin -->
